2020-06-29 22:03:01 [main] [ERROR]  - Failed to locate the winutils binary in the hadoop binary path
java.io.IOException: Could not locate executable null\bin\winutils.exe in the Hadoop binaries.
	at org.apache.hadoop.util.Shell.getQualifiedBinPath(Shell.java:355)
	at org.apache.hadoop.util.Shell.getWinUtilsPath(Shell.java:370)
	at org.apache.hadoop.util.Shell.<clinit>(Shell.java:363)
	at org.apache.hadoop.util.StringUtils.<clinit>(StringUtils.java:78)
	at org.apache.hadoop.security.Groups.parseStaticMapping(Groups.java:93)
	at org.apache.hadoop.security.Groups.<init>(Groups.java:77)
	at org.apache.hadoop.security.Groups.getUserToGroupsMappingService(Groups.java:240)
	at org.apache.hadoop.security.Groups.getUserToGroupsMappingService(Groups.java:225)
	at org.apache.hadoop.hbase.security.UserProvider.<clinit>(UserProvider.java:56)
	at org.apache.hadoop.hbase.client.HConnectionKey.<init>(HConnectionKey.java:71)
	at org.apache.hadoop.hbase.client.ConnectionManager.getConnectionInternal(ConnectionManager.java:298)
	at org.apache.hadoop.hbase.client.HBaseAdmin.<init>(HBaseAdmin.java:238)
	at com.snail.hbase.filter.DataInit.testCreateTable(DataInit.java:32)
	at sun.reflect.NativeMethodAccessorImpl.invoke0(Native Method)
	at sun.reflect.NativeMethodAccessorImpl.invoke(NativeMethodAccessorImpl.java:62)
	at sun.reflect.DelegatingMethodAccessorImpl.invoke(DelegatingMethodAccessorImpl.java:43)
	at java.lang.reflect.Method.invoke(Method.java:497)
	at org.junit.runners.model.FrameworkMethod$1.runReflectiveCall(FrameworkMethod.java:50)
	at org.junit.internal.runners.model.ReflectiveCallable.run(ReflectiveCallable.java:12)
	at org.junit.runners.model.FrameworkMethod.invokeExplosively(FrameworkMethod.java:47)
	at org.junit.internal.runners.statements.InvokeMethod.evaluate(InvokeMethod.java:17)
	at org.junit.internal.runners.statements.RunBefores.evaluate(RunBefores.java:26)
	at org.junit.runners.ParentRunner.runLeaf(ParentRunner.java:325)
	at org.junit.runners.BlockJUnit4ClassRunner.runChild(BlockJUnit4ClassRunner.java:78)
	at org.junit.runners.BlockJUnit4ClassRunner.runChild(BlockJUnit4ClassRunner.java:57)
	at org.junit.runners.ParentRunner$3.run(ParentRunner.java:290)
	at org.junit.runners.ParentRunner$1.schedule(ParentRunner.java:71)
	at org.junit.runners.ParentRunner.runChildren(ParentRunner.java:288)
	at org.junit.runners.ParentRunner.access$000(ParentRunner.java:58)
	at org.junit.runners.ParentRunner$2.evaluate(ParentRunner.java:268)
	at org.junit.runners.ParentRunner.run(ParentRunner.java:363)
	at org.junit.runner.JUnitCore.run(JUnitCore.java:137)
	at com.intellij.junit4.JUnit4IdeaTestRunner.startRunnerWithArgs(JUnit4IdeaTestRunner.java:68)
	at com.intellij.rt.junit.IdeaTestRunner$Repeater.startRunnerWithArgs(IdeaTestRunner.java:33)
	at com.intellij.rt.junit.JUnitStarter.prepareStreamsAndStart(JUnitStarter.java:230)
	at com.intellij.rt.junit.JUnitStarter.main(JUnitStarter.java:58)
2020-06-29 22:03:28 [main] [ERROR]  - Failed to locate the winutils binary in the hadoop binary path
java.io.IOException: Could not locate executable null\bin\winutils.exe in the Hadoop binaries.
	at org.apache.hadoop.util.Shell.getQualifiedBinPath(Shell.java:355)
	at org.apache.hadoop.util.Shell.getWinUtilsPath(Shell.java:370)
	at org.apache.hadoop.util.Shell.<clinit>(Shell.java:363)
	at org.apache.hadoop.util.StringUtils.<clinit>(StringUtils.java:78)
	at org.apache.hadoop.security.Groups.parseStaticMapping(Groups.java:93)
	at org.apache.hadoop.security.Groups.<init>(Groups.java:77)
	at org.apache.hadoop.security.Groups.getUserToGroupsMappingService(Groups.java:240)
	at org.apache.hadoop.security.Groups.getUserToGroupsMappingService(Groups.java:225)
	at org.apache.hadoop.hbase.security.UserProvider.<clinit>(UserProvider.java:56)
	at org.apache.hadoop.hbase.client.HConnectionKey.<init>(HConnectionKey.java:71)
	at org.apache.hadoop.hbase.client.ConnectionManager.getConnectionInternal(ConnectionManager.java:298)
	at org.apache.hadoop.hbase.client.HTable.<init>(HTable.java:184)
	at org.apache.hadoop.hbase.client.HTable.<init>(HTable.java:150)
	at com.snail.hbase.filter.DataInit.testPutData(DataInit.java:55)
	at sun.reflect.NativeMethodAccessorImpl.invoke0(Native Method)
	at sun.reflect.NativeMethodAccessorImpl.invoke(NativeMethodAccessorImpl.java:62)
	at sun.reflect.DelegatingMethodAccessorImpl.invoke(DelegatingMethodAccessorImpl.java:43)
	at java.lang.reflect.Method.invoke(Method.java:497)
	at org.junit.runners.model.FrameworkMethod$1.runReflectiveCall(FrameworkMethod.java:50)
	at org.junit.internal.runners.model.ReflectiveCallable.run(ReflectiveCallable.java:12)
	at org.junit.runners.model.FrameworkMethod.invokeExplosively(FrameworkMethod.java:47)
	at org.junit.internal.runners.statements.InvokeMethod.evaluate(InvokeMethod.java:17)
	at org.junit.internal.runners.statements.RunBefores.evaluate(RunBefores.java:26)
	at org.junit.runners.ParentRunner.runLeaf(ParentRunner.java:325)
	at org.junit.runners.BlockJUnit4ClassRunner.runChild(BlockJUnit4ClassRunner.java:78)
	at org.junit.runners.BlockJUnit4ClassRunner.runChild(BlockJUnit4ClassRunner.java:57)
	at org.junit.runners.ParentRunner$3.run(ParentRunner.java:290)
	at org.junit.runners.ParentRunner$1.schedule(ParentRunner.java:71)
	at org.junit.runners.ParentRunner.runChildren(ParentRunner.java:288)
	at org.junit.runners.ParentRunner.access$000(ParentRunner.java:58)
	at org.junit.runners.ParentRunner$2.evaluate(ParentRunner.java:268)
	at org.junit.runners.ParentRunner.run(ParentRunner.java:363)
	at org.junit.runner.JUnitCore.run(JUnitCore.java:137)
	at com.intellij.junit4.JUnit4IdeaTestRunner.startRunnerWithArgs(JUnit4IdeaTestRunner.java:68)
	at com.intellij.rt.junit.IdeaTestRunner$Repeater.startRunnerWithArgs(IdeaTestRunner.java:33)
	at com.intellij.rt.junit.JUnitStarter.prepareStreamsAndStart(JUnitStarter.java:230)
	at com.intellij.rt.junit.JUnitStarter.main(JUnitStarter.java:58)
2020-06-29 22:04:10 [main] [ERROR]  - Failed to locate the winutils binary in the hadoop binary path
java.io.IOException: Could not locate executable null\bin\winutils.exe in the Hadoop binaries.
	at org.apache.hadoop.util.Shell.getQualifiedBinPath(Shell.java:355)
	at org.apache.hadoop.util.Shell.getWinUtilsPath(Shell.java:370)
	at org.apache.hadoop.util.Shell.<clinit>(Shell.java:363)
	at org.apache.hadoop.util.StringUtils.<clinit>(StringUtils.java:78)
	at org.apache.hadoop.security.Groups.parseStaticMapping(Groups.java:93)
	at org.apache.hadoop.security.Groups.<init>(Groups.java:77)
	at org.apache.hadoop.security.Groups.getUserToGroupsMappingService(Groups.java:240)
	at org.apache.hadoop.security.Groups.getUserToGroupsMappingService(Groups.java:225)
	at org.apache.hadoop.hbase.security.UserProvider.<clinit>(UserProvider.java:56)
	at org.apache.hadoop.hbase.client.HConnectionKey.<init>(HConnectionKey.java:71)
	at org.apache.hadoop.hbase.client.ConnectionManager.getConnectionInternal(ConnectionManager.java:298)
	at org.apache.hadoop.hbase.client.HTable.<init>(HTable.java:184)
	at org.apache.hadoop.hbase.client.HTable.<init>(HTable.java:150)
	at com.snail.hbase.filter.DataInit.testPutData(DataInit.java:55)
	at sun.reflect.NativeMethodAccessorImpl.invoke0(Native Method)
	at sun.reflect.NativeMethodAccessorImpl.invoke(NativeMethodAccessorImpl.java:62)
	at sun.reflect.DelegatingMethodAccessorImpl.invoke(DelegatingMethodAccessorImpl.java:43)
	at java.lang.reflect.Method.invoke(Method.java:497)
	at org.junit.runners.model.FrameworkMethod$1.runReflectiveCall(FrameworkMethod.java:50)
	at org.junit.internal.runners.model.ReflectiveCallable.run(ReflectiveCallable.java:12)
	at org.junit.runners.model.FrameworkMethod.invokeExplosively(FrameworkMethod.java:47)
	at org.junit.internal.runners.statements.InvokeMethod.evaluate(InvokeMethod.java:17)
	at org.junit.internal.runners.statements.RunBefores.evaluate(RunBefores.java:26)
	at org.junit.runners.ParentRunner.runLeaf(ParentRunner.java:325)
	at org.junit.runners.BlockJUnit4ClassRunner.runChild(BlockJUnit4ClassRunner.java:78)
	at org.junit.runners.BlockJUnit4ClassRunner.runChild(BlockJUnit4ClassRunner.java:57)
	at org.junit.runners.ParentRunner$3.run(ParentRunner.java:290)
	at org.junit.runners.ParentRunner$1.schedule(ParentRunner.java:71)
	at org.junit.runners.ParentRunner.runChildren(ParentRunner.java:288)
	at org.junit.runners.ParentRunner.access$000(ParentRunner.java:58)
	at org.junit.runners.ParentRunner$2.evaluate(ParentRunner.java:268)
	at org.junit.runners.ParentRunner.run(ParentRunner.java:363)
	at org.junit.runner.JUnitCore.run(JUnitCore.java:137)
	at com.intellij.junit4.JUnit4IdeaTestRunner.startRunnerWithArgs(JUnit4IdeaTestRunner.java:68)
	at com.intellij.rt.junit.IdeaTestRunner$Repeater.startRunnerWithArgs(IdeaTestRunner.java:33)
	at com.intellij.rt.junit.JUnitStarter.prepareStreamsAndStart(JUnitStarter.java:230)
	at com.intellij.rt.junit.JUnitStarter.main(JUnitStarter.java:58)
2020-06-29 22:05:03 [main] [ERROR]  - Failed to locate the winutils binary in the hadoop binary path
java.io.IOException: Could not locate executable null\bin\winutils.exe in the Hadoop binaries.
	at org.apache.hadoop.util.Shell.getQualifiedBinPath(Shell.java:355)
	at org.apache.hadoop.util.Shell.getWinUtilsPath(Shell.java:370)
	at org.apache.hadoop.util.Shell.<clinit>(Shell.java:363)
	at org.apache.hadoop.util.StringUtils.<clinit>(StringUtils.java:78)
	at org.apache.hadoop.security.Groups.parseStaticMapping(Groups.java:93)
	at org.apache.hadoop.security.Groups.<init>(Groups.java:77)
	at org.apache.hadoop.security.Groups.getUserToGroupsMappingService(Groups.java:240)
	at org.apache.hadoop.security.Groups.getUserToGroupsMappingService(Groups.java:225)
	at org.apache.hadoop.hbase.security.UserProvider.<clinit>(UserProvider.java:56)
	at org.apache.hadoop.hbase.client.HConnectionKey.<init>(HConnectionKey.java:71)
	at org.apache.hadoop.hbase.client.ConnectionManager.getConnectionInternal(ConnectionManager.java:298)
	at org.apache.hadoop.hbase.client.HTable.<init>(HTable.java:184)
	at org.apache.hadoop.hbase.client.HTable.<init>(HTable.java:150)
	at com.snail.hbase.filter.TestHBaseFilter.testSingleColumnValueFilter(TestHBaseFilter.java:43)
	at sun.reflect.NativeMethodAccessorImpl.invoke0(Native Method)
	at sun.reflect.NativeMethodAccessorImpl.invoke(NativeMethodAccessorImpl.java:62)
	at sun.reflect.DelegatingMethodAccessorImpl.invoke(DelegatingMethodAccessorImpl.java:43)
	at java.lang.reflect.Method.invoke(Method.java:497)
	at org.junit.runners.model.FrameworkMethod$1.runReflectiveCall(FrameworkMethod.java:50)
	at org.junit.internal.runners.model.ReflectiveCallable.run(ReflectiveCallable.java:12)
	at org.junit.runners.model.FrameworkMethod.invokeExplosively(FrameworkMethod.java:47)
	at org.junit.internal.runners.statements.InvokeMethod.evaluate(InvokeMethod.java:17)
	at org.junit.internal.runners.statements.RunBefores.evaluate(RunBefores.java:26)
	at org.junit.runners.ParentRunner.runLeaf(ParentRunner.java:325)
	at org.junit.runners.BlockJUnit4ClassRunner.runChild(BlockJUnit4ClassRunner.java:78)
	at org.junit.runners.BlockJUnit4ClassRunner.runChild(BlockJUnit4ClassRunner.java:57)
	at org.junit.runners.ParentRunner$3.run(ParentRunner.java:290)
	at org.junit.runners.ParentRunner$1.schedule(ParentRunner.java:71)
	at org.junit.runners.ParentRunner.runChildren(ParentRunner.java:288)
	at org.junit.runners.ParentRunner.access$000(ParentRunner.java:58)
	at org.junit.runners.ParentRunner$2.evaluate(ParentRunner.java:268)
	at org.junit.runners.ParentRunner.run(ParentRunner.java:363)
	at org.junit.runner.JUnitCore.run(JUnitCore.java:137)
	at com.intellij.junit4.JUnit4IdeaTestRunner.startRunnerWithArgs(JUnit4IdeaTestRunner.java:68)
	at com.intellij.rt.junit.IdeaTestRunner$Repeater.startRunnerWithArgs(IdeaTestRunner.java:33)
	at com.intellij.rt.junit.JUnitStarter.prepareStreamsAndStart(JUnitStarter.java:230)
	at com.intellij.rt.junit.JUnitStarter.main(JUnitStarter.java:58)
